524
13997
26141
10909
161070
151489
32574
173
240
9277
12723
2163
201445
32519
10371
102406
15513
87
11557
22796
22345
1893
26857
24153
699
108346
104103
16288
10047
20761
11851
9367
1907
279444
1396
12187
20540
9995
13703
118052
17971
47818
41974
1722
30295
35263
29475
121703
62956
11452
16643
86483
28907
3780
61112
9266
25001
26560
33016
38255
33251
29463
43232
15462
10243
35068
14411
54986
54243
13343
41780
20684
197563
27425
24782
37900
14430
18978
27171
25389
19552
29455
12205
46187
32450
62383
68430
3072
14554
250
54715
1786
16219
36751
20289
20532
16214
41662
24774
20676
594
11036
43466
3484
1777
43485
54979
210864
15421
7348
33020
31587
28054
18502
11471
20562
12664
17796
18836
36430
61477
72899
10319
43110
16781
42839
7291
40862
15005
1257
90560
18206
84242
2009
84972
29362
12555
43705
38661
47120
13650
22194
10761
12400
16450
82437
32604
13506
141971
13510
1560
128857
45882
35404
25643
19136
54563
267523
101376
72241
120109
63195
30779
161179
32084
46341
27865
4676
132883
16346
42991
15915
40652
71395
43781
38787
47610
85550
79731
52970
48596
72375
56271
39834
63197
24189
72447
42481
56810
55720
85365
84427
51994
77635
52359
76785
112485
43026
10679
39172
70386
86850
51794
45945
32327
79771
84184
130458
68722
131360
110525
172474
30998
31621
18741
76297
82695
88557
119283
42452
50006
127864
93858
281583
59441
55663
133698
36549
86282
152780
55657
104739
121831
214100
91311
36212
210624
187022
184149
80521
251367
77403
137174
31332
87516
71847
120143
252841
38049
8064
96920
83201
227783
83355
245909
54919
293160
62754
177677
98094
30146
438144
98566
5800
68004
59106
215928
52318
43398
56212
68097
20053
65214
190870
79151
184992
171594
84154
303742
257442
74417
43635
49391
74309
209686
71456
58081
101180
4344
105083
144736
54602
33808
75337
87372
43219
58664
44381
171130
246655
93077
238737
207641
1260
28712
43432
14387
263032
43362
234546
43310
121632
149468
108256
65398
37294
2199
4940
302828
55321
90781
74208
30149
9948
12575
128831
12796
110123
151106
279600
134746
184351
142528
199578
325138
213110
169655
2189
328763
56379
84511
256924
333089
179376
91732
107193
223485
259830
95630
132641
107705
311129
251516
39309
157289
293452
44977
50426
21956
20558
119321
340835
336167
81009
242466
43773
115290
254472
169594
348540
22335
290672
279254
99022
209049
38310
182217
104232
268917
243059
21927
21178
150157
66888
250558
277710
335874
346093
27909
81273
311539
110433
292539
207270
262976
41809
278296
322438
24821
35851
267347
160106
77642
28314
89762
291540
113776
281152
37055
321039
8556
63536
241174
21566
179805
337549
90458
266058
362136
127605
19493
353462
43456
224507
38119
164399
353464
43783
15706
368239
67927
44099
139270
35639
111480
54657
85611
74197
333040
269699
352162
102707
329063
72051
293313
366736
141679
14814
321377
177216
45490
29861
51902
126313
209266
304869
251220
152823
25803
15429
254439
391899
224084
390766
339526
368526
389053
260401
241374
42083
90351
196324
18560
164020
408286
403173
382399
247414
137072
383064
270851
86713
48250
347105
77137
38289
125926
253817
55431
357837
360321
43701
360809
208649
40790
352492
110669
43521
237747
114503
359207
179272
116989
339419
377447
389187
91726
271033
281869
379779
67804
119914
359805
247158
226875
133545
249703
424182
128104
40053
355506
43672
78174
111499
255746
334524
87036
31390
418688
363689
226679
287499
397837
390298
346239
9551
408438
322785
360408
22817
38145
78089
19002
313654
54548
260042
370722
28810
402455
143883
315371
52779
50332
36699
349138
262975
19312
55998
92782
458310
14644
65679
301876
457307
83765
127094
128733
345489
29458
38397
10838
67373
73281
212153
60153
71016
216187
425186
466987
394061
19576
36719
131244
399504
290829
417257
281232
193880
325895
457703
68964
419315
25891
468033
50554
313705
54851
32393
441701
41362
36567
465550
284853
218113
418771
138130
54716
35275
24040
412316
323368
58765
40570
3151
55407
428558
449342
120239
261909
150993
80874
508864
378334
80240
386696
56769
10359
250243
157473
466501
283848
413765
37576
185512
181013
77195
433623
49918
465023
183236
61821
519187
99117
145364
523373
26716
406761
442811
526475
21872
473314
336200
197372
390516
116855
463861
473888
445147
504198
410678
63415
69439
143315
36986
479626
110570
362475
145079
427343
300681
161367
510262
489847
237435
48312
405774
264578
537878
28179
99268
539199
389451
90433
188621
340153
344913
460559
558095
167357
472138
549859
195444
68161
560694
336197
478804
414777
554318
514933
361588
249684
136701
558655
448450
524213
558912
503706
121684
589770
357801
569805
174842
219702
85682
108183
120813
241603
245307
150219
606728
209357
559487
573106
523818
359724
18262
463496
476895
112309
222180
601536
173595
113735
110344
450336
52331
212648
262827
120814
156188
148991
49786
129465
582950
121454
525651
295050
610729
149308
281523
600892
555058
56158
2377
574303
94662
58643
458897
570661
315731
564854
574950
490894
452176
492561
71556
66161
86328
25665
246319
461218
39228
426246
149381
341531
113037
349082
622831
479753
265104
43098
505707
109940
526191
444811
362601
127174
514207
38413
546724
654387
608221
106804
21486
102254
441829
144668
523108
575941
283739
43424
601493
409155
82358
67872
523828
89340
309971
315661
687889
17738
150909
162210
627078
89876
522538
551919
706861
51455
265990
710451
360970
693617
552687
583083
75832
695596
652981
551361
466312
33145
679000
187107
726217
617923
133700
63214
653643
508442
595521
203089
286742
579400
299540
177846
535809
724574
6558
38973
453003
761129
129716
223610
682589
667869
42912
564429
14478
624788
173093
553796
106929
15941
168751
755080
261383
768167
450541
389358
514236
536208
243238
586069
222251
776503
126514
71715
219253
23681
644468
779201
293397
30751
280737
509423
209679
347849
533145
728113
633742
124525
44867
55289
181335
130204
568358
33591
699145
144902
421075
80797
825813
121960
49549
795771
26832
691423
249311
435506
449454
659909
726684
798296
448862
376258
34728
802884
35117
2145
517367
64706
448012
385816
125266
367432
185250
751496
590099
810024
218257
336415
607844
259837
153860
847414
147172
65009
23498
659954
826396
111161
761534
869423
84893
84897
236516
44021
289030
869250
804013
43560
31920
255681
415962
17237
870932
234432
671043
896633
91693
25990
412784
893297
874257
161882
27811
219380
874230
270342
268532
114157
530368
127417
676236
698209
629015
113201
92729
835975
788901
649918
64220
118398
732922
20621
318470
857513
473016
606237
821046
951535
956862
139690
851303
935436
854546
975923
931237
255978
367553
551736
436365
267350
367531
838425
833804
852448
346271
51354
599835
416884
433684
286223
555637
873126
1035462
1034809
81940
224931
964269
783202
871547
190020
996565
929739
397930
915931
1054831
164435
666277
220367
1089650
37184
855262
1043665
748462
924120
593014
774581
130491
1027982
925263
639959
187922
42758
538286
17882
12773
68149
65300
26593
14980
164721
2413
47350
13716
11944
26491
421
2518
64699
69234
36763
11343
185441
42611
37185
10700
24269
37525
55676
41758
17919
58923
78057
27138
244797
49870
53094
31653
118309
12224
9795
14405
17800
38870
45560
168643
18884
67479
14301
62128
65990
67463
200039
113879
25950
61917
61919
61920
13989
141714
41522
211877
37106
59572
47477
96451
11788
202241
367647
40655
36663
57403
65016
67636
51765
71982
85367
75964
262475
58423
75375
20892
26397
214857
168210
62582
99254
595378
46813
470358
147269
192695
206997
60364
202043
216035
263946
53803
170359
263947
215999
117408
208988
284694
83191
172538
51982
269797
288293
10620
147538
60917
56508
69372
62403
101517
95571
166918
162806
155055
194668
355551
89049
114761
63383
166986
460870
51452
4548
241340
110414
129405
252993
245170
293138
239471
18231
252995
257155
370353
218277
313289
394403
64047
187596
30146
21680
589460
250578
67493
289314
36597
64679
12450
103081
178446
97414
159140
203766
82400
276690
151153
312497
144114
29133
248785
62653
24486
65821
2699
301231
62836
125458
3057
101660
18729
140161
289394
31183
74309
71461
51768
7007
538286
17882
12773
68149
14980
164721
47350
2413
26491
13716
2518
64699
36763
69234
11944
185441
42611
11343
10700
55676
37525
24269
17919
58923
41758
78057
244797
49870
27138
31653
53094
12224
118309
9795
17800
38870
67479
45560
168643
62128
14301
18884
200039
65990
67463
113879
25950
41522
61917
61919
61920
211877
13989
37106
141714
96451
59572
47477
11788
202241
367647
40655
57403
67636
51765
71982
36663
75964
58423
75375
262475
62582
99254
595378
46813
470358
192695
214857
26397
168210
60364
20892
147269
206997
83191
216035
202043
53803
263946
170359
263947
215999
208988
117408
284694
288293
269797
172538
51982
147538
56508
60917
166918
162806
69372
62403
101517
95571
155055
194668
355551
114761
89049
63383
51452
4548
241340
166986
460870
252995
252993
110414
293138
239471
18231
245170
129405
257155
370353
394403
218277
313289
64047
30146
21680
67493
589460
289314
103081
36597
64679
12450
178446
97414
159140
203766
276690
82400
29133
248785
62653
24486
65821
2699
301231
62836
312497
151153
144114
140161
3057
125458
74309
289394
101660
18729
31183
51768
63039
71461
133365
77172
18202
136867
202249
74694
38611
280472
69234
150004
299538
266314
15614
139464
72094
180836
81958
67866
76162
53285
197592
25093
13535
57622
108716
162864
67456
252063
189197
238386
317384
86575
64123
56511
56516
56512
56515
125336
112952
278468
138394
261985
158382
22211
315010
122023
160874
30496
264321
327029
56771
321640
80527
329241
17669
70758
283691
247668
325557
237718
141702
131934
53875
19792
216037
168219
335676
55229
85702
345896
293238
53774
44937
12188
4695
282247
341984
37668
109515
65973
344560
338850
206514
62931
191476
141334
108497
99022
114691
25180
184056
278604
353653
246699
265758
134777
27934
357130
329637
11204
268009
357143
357935
263570
256515
180152
281124
200813
77197
30294
16854
47084
172577
256955
292739
143769
47761
72792
58207
99708
101833
64042
353462
127605
74751
38430
72093
72095
60199
337751
293603
51129
137587
194079
60836
253426
219466
327016
345575
369879
119149
213756
213755
152539
373162
312452
263953
187006
79280
373977
373357
303950
366492
30922
73468
360626
119209
313985
249926
251546
211354
376823
377136
379951
211845
342381
139777
333040
56588
280617
135097
376681
52236
378779
354297
161535
200414
293471
198993
208947
155678
371758
35335
62241
109606
109346
153397
385965
341224
202831
50942
56128
200558
347938
25843
277098
93734
93737
93740
31502
221317
107732
131433
391997
357125
129269
396650
30
331501
94587
166719
200120
294574
239895
5184
370014
75926
382885
300762
334057
108879
45330
46740
56438
396918
339749
5654
192040
384130
12443
368526
56190
382088
250880
228276
400174
259032
258638
258257
46571
46572
344030
70859
34202
59568
259634
101185
29924
2719
101662
408286
24057
38622
254251
205386
407048
100490
26911
261581
310442
285248
412252
404302
43719
414632
388131
387859
202213
409696
370366
416124
56391
243984
119372
405979
244182
389396
70871
418979
126820
415833
211029
65256
391934
405627
409536
418772
38584
266568
410774
313896
374319
279558
268712
374247
200549
324013
44622
390422
269033
243987
419289
336380
422274
283146
374634
49754
361340
75604
137669
188521
426903
46612
430514
248946
416258
409915
419185
200035
388260
67276
428737
414937
46121
268771
327083
300544
379462
154339
416988
432192
428074
197061
75018
443113
407430
174588
101818
393263
201198
336956
409820
371504
224113
25610
30999
366561
31501
414399
140465
101915
69535
115161
401840
440508
117232
231510
420714
331214
30592
415647
450980
370722
409926
384437
453062
28013
41581
65595
419787
421550
445916
425488
264356
401150
452142
406403
320311
288977
337747
333953
26920
340155
247263
53945
446850
37603
444623
79833
213313
64502
355426
336549
425916
445739
128733
67488
461805
26787
348063
435114
431490
338546
458298
424643
54988
439314
391351
465822
412103
32228
254689
381519
51494
398295
18098
429486
270271
392433
466986
62509
25274
395767
445713
188421
215632
467565
378724
368825
94324
179051
124025
51493
300508
325895
173899
473984
477351
368465
167774
478412
443725
468554
61693
463612
286647
139806
303639
84648
299520
260498
275291
286646
267200
286652
299522
314487
312852
308859
288591
303731
32320
286645
374323
313550
431786
374322
381823
335765
106035
252498
108883
451802
290299
140283
489646
430951
468123
489870
423301
408985
309787
285826
313346
490314
301801
69723
302937
488705
335436
121249
474505
31096
407691
31168
177460
226879
211652
459630
479071
488654
230408
444998
21485
49780
314021
480705
468766
452191
159179
295752
440427
397586
201281
501754
64230
502892
432038
311186
53228
74079
510882
139915
216202
371496
264074
459697
497362
475305
187299
521932
146784
51961
523902
425192
430652
386135
416763
371240
523373
497997
268891
110550
278082
31
32
16381
411950
368065
247959
389593
344902
525594
61403
508327
352148
41257
190513
344115
536418
524475
58228
440456
508366
387413
260708
143360
538328
69593
548004
144449
362475
544695
101999
540387
264279
557891
427094
536927
529239
496541
535484
551874
414278
560701
562155
536376
518312
319315
566492
565184
139295
569293
547025
499928
161552
161645
459629
576121
414401
516383
409776
53986
384975
465803
62444
586129
467080
576676
582695
578715
589023
590710
594750
288572
595124
328303
258209
39500
502575
306732
297644
292307
332218
363999
455166
455419
593778
566549
399828
253773
263030
346387
609703
614750
525206
451364
466750
607517
620058
622077
567273
609714
593848
72999
574905
17976
573195
577625
611478
484855
633190
210590
629861
637977
637986
92246
360086
636391
242550
647354
431510
644672
224302
481472
401707
401885
421602
334912
656594
550493
171338
647704
519723
35948
187665
36456
63497
430602
104950
581779
525807
585275
495280
659530
351651
680842
336589
322147
667430
484874
382786
693024
678250
690882
693020
565700
7738
489298
718467
636864
651053
625910
696085
716754
691930
699626
409921
710717
425764
266360
553585
171645
253617
330893
721357
575116
725924
682273
195003
239891
323377
679014
675522
118209
736024
592251
744624
701956
408348
722163
722162
722165
231064
754083
727097
685022
533713
549048
675476
700381
744174
169260
576500
761129
756498
614103
666586
653892
720295
758936
496317
630277
745433
178151
687704
760506
432052
751513
737785
437217
432517
308284
272868
668176
754369
766392
765746
642088
769350
657396
657404
760729
422112
662831
325006
492314
732277
508765
622007
789344
762697
785822
263255
793666
186037
715893
789964
756688
795446
793095
632378
692242
786010
590438
314367
783462
722690
126424
444043
769405
763323
782114
791052
791905
573782
523820
741455
781828
363731
439369
796115
691148
671479
814415
813756
731932
806947
212697
618526
613449
804485
713722
54726
253592
823575
405547
778474
737618
684814
810877
691529
836665
835263
833915
689588
487050
845074
470560
833224
730788
842496
299047
635838
780367
780371
839298
147172
313744
307842
531522
452765
112679
686667
815144
853673
497256
823837
730639
851112
798481
201670
858174
553296
748121
831360
496125
917505
257104
362914
744247
274896
934126
602524
931637
936456
471694
934109
934096
958198
854445
854440
917856
957115
732922
949506
950025
766094
567712
497867
763834
585297
949778
972022
970060
381789
1005682
894717
983443
982987
1008469
461581
666716
969086
380047
58933
182942
1027888
1013875
995460
881931
1008573
354402
963590
1020277
1026872
958637
1054831
1077814
1058029
1033150
1105518
1107516
1102551
1130353
538286
12773
17882
68149
14980
164721
2413
47350
26491
2518
36763
11944
13716
64699
69234
185441
42611
11343
10700
55676
37525
24269
58923
17919
41758
244797
49870
78057
27138
31653
53094
12224
9795
118309
17800
67479
38870
14301
62128
18884
45560
168643
200039
65990
67463
113879
25950
13989
211877
37106
61917
61919
41522
61920
141714
96451
47477
59572
11788
40655
367647
202241
57403
67636
51765
71982
36663
262475
75375
58423
75964
62582
99254
26397
470358
168210
147269
192695
206997
214857
60364
46813
595378
20892
263946
263947
215999
170359
117408
202043
216035
83191
53803
284694
208988
269797
51982
172538
288293
56508
95571
69372
62403
101517
147538
60917
166918
162806
114761
155055
194668
355551
89049
241340
166986
460870
4548
51452
63383
252995
252993
293138
239471
18231
129405
110414
245170
313289
64047
370353
257155
394403
218277
30146
21680
589460
67493
289314
64679
12450
103081
178446
97414
159140
36597
276690
203766
82400
248785
29133
24486
312497
2699
144114
65821
62653
301231
62836
151153
18729
140161
31183
101660
74309
289394
3057
125458
51768
133365
77172
71461
136867
18202
63039
15614
72094
38611
139464
150004
266314
69234
299538
202249
280472
74694
81958
180836
53285
108716
13535
57622
67866
76162
162864
67456
197592
25093
125336
189197
56511
56516
56512
56515
252063
112952
317384
238386
278468
86575
64123
261985
22211
122023
158382
315010
138394
160874
30496
264321
56771
321640
327029
80527
247668
17669
70758
283691
329241
325557
237718
141702
335676
168219
345896
131934
19792
216037
55229
293238
53774
44937
85702
53875
37668
282247
341984
12188
109515
338850
65973
344560
206514
191476
141334
62931
25180
353653
278604
114691
246699
108497
184056
99022
27934
11204
268009
357935
263570
256515
281124
357130
357143
134777
180152
265758
329637
77197
30294
200813
47084
16854
292739
172577
256955
143769
99708
72792
58207
47761
64042
101833
293603
127605
137587
337751
74751
353462
38430
51129
72093
72095
60199
213755
152539
345575
60836
253426
327016
219466
119149
213756
194079
369879
312452
187006
30922
79280
263953
373977
373357
303950
366492
373162
249926
211354
119209
376823
313985
360626
251546
73468
139777
342381
376681
333040
379951
377136
211845
280617
135097
56588
378779
354297
52236
161535
200414
293471
62241
198993
371758
35335
208947
155678
153397
385965
202831
50942
109606
109346
341224
56128
357125
347938
25843
277098
93734
93737
93740
31502
221317
107732
131433
391997
200558
239895
94587
166719
75926
200120
294574
46740
56438
5184
339749
30
331501
370014
129269
382885
300762
334057
108879
45330
396650
396918
5654
192040
384130
228276
56190
382088
250880
12443
368526
70859
344030
259634
259032
258638
258257
46571
46572
400174
34202
59568
101185
29924
254251
2719
101662
24057
38622
408286
205386
285248
26911
310442
404302
412252
261581
407048
100490
387859
409696
370366
388131
43719
202213
56391
414632
416124
211029
415833
70871
405627
418979
65256
126820
391934
389396
119372
243984
405979
244182
409536
418772
390422
269033
324013
422274
419289
266568
410774
336380
38584
200549
313896
243987
374319
279558
268712
374247
44622
374634
49754
75604
137669
419185
248946
428737
67276
409915
361340
200035
426903
388260
416258
188521
46612
283146
430514
154339
416988
414937
46121
268771
300544
379462
432192
327083
407430
75018
393263
101818
428074
174588
197061
443113
401840
414399
140465
101915
25610
30999
115161
201198
69535
224113
366561
336956
409820
371504
31501
331214
415647
450980
370722
420714
409926
30592
384437
453062
231510
440508
117232
264356
419787
401150
445916
41581
425488
28013
65595
421550
452142
337747
288977
333953
26920
340155
37603
444623
53945
79833
213313
64502
355426
446850
406403
247263
320311
445739
348063
435114
431490
128733
425916
461805
424643
336549
338546
67488
26787
458298
32228
412103
465822
54988
254689
439314
381519
398295
51494
391351
25274
445713
429486
395767
18098
270271
392433
188421
62509
466986
94324
378724
368825
51493
179051
467565
300508
325895
124025
215632
368465
167774
478412
173899
477351
473984
443725
286647
303639
299520
468554
260498
139806
275291
267200
286646
286652
299522
314487
312852
463612
308859
288591
303731
32320
374323
381823
84648
61693
431786
286645
374322
313550
252498
140283
335765
451802
108883
106035
290299
468123
301801
430951
423301
489870
489646
309787
408985
285826
313346
490314
474505
407691
335436
31168
302937
31096
488705
177460
226879
69723
121249
479071
488654
314021
480705
21485
459630
444998
49780
230408
211652
468766
501754
64230
201281
295752
159179
452191
502892
397586
432038
440427
74079
216202
510882
139915
53228
311186
371496
497362
459697
264074
187299
521932
146784
475305
51961
268891
278082
425192
430652
386135
416763
371240
523373
497997
523902
411950
368065
344902
247959
389593
16381
32
31
344115
525594
61403
536418
524475
352148
41257
58228
190513
508327
508366
260708
538328
143360
69593
387413
440456
101999
548004
144449
540387
362475
544695
551874
427094
536927
557891
414278
496541
529239
535484
560701
518312
536376
319315
566492
565184
562155
139295
499928
569293
547025
161552
459629
62444
414401
516383
586129
409776
467080
53986
384975
465803
576676
590710
594750
589023
578715
288572
595124
306732
328303
502575
258209
39500
399828
593778
297644
292307
332218
363999
455166
346387
455419
263030
566549
253773
466750
614750
609703
451364
525206
567273
622077
609714
593848
72999
607517
620058
574905
611478
17976
573195
577625
484855
360086
92246
210590
633190
629861
637977
637986
636391
481472
401707
224302
401885
421602
334912
647354
644672
242550
656594
431510
550493
171338
35948
647704
519723
63497
430602
104950
187665
351651
581779
659530
525807
585275
495280
680842
667430
322147
336589
693024
484874
382786
678250
693020
690882
7738
565700
696085
691930
636864
651053
625910
699626
409921
489298
718467
716754
44305
253617
171645
330893
266360
425764
721357
195003
575116
725924
682273
675522
239891
323377
118209
679014
592251
408348
744624
701956
736024
392201
231064
685022
722162
722163
722165
754083
533713
549048
576500
700381
169260
761129
756498
178151
760506
614103
666586
432052
653892
751513
737785
496317
630277
745433
437217
720295
432517
687704
758936
651610
642088
765746
668176
754369
308284
272868
766392
657404
769350
657396
622007
762697
789344
422112
760729
508765
662831
536208
325006
732277
492314
789964
793666
756688
632378
793095
186037
786010
783462
692242
785822
590438
795446
715893
263255
314367
782114
769405
763323
126424
722690
444043
791052
523820
741455
573782
439369
791905
781828
363731
691148
671479
814415
806947
731932
813756
796115
618526
613449
713722
107947
804485
54726
212697
253592
823575
405547
737618
684814
810877
691529
778474
299047
487050
730788
689588
845074
833915
470560
833224
836665
835263
842496
839298
780367
780371
635838
112679
307842
147172
313744
531522
452765
815144
686667
853673
497256
823837
851112
201670
858174
730639
798481
553296
748121
831360
496125
257104
362914
917505
744247
602524
274896
934126
931637
936456
934109
934096
471694
950025
949506
854445
854440
917856
957115
732922
958198
766094
567712
497867
763834
585297
972022
949778
970060
1005682
983443
894717
381789
982987
58933
1008469
969086
461581
666716
380047
1013875
1027888
995460
182942
881931
1008573
354402
1020277
963590
1077814
1054831
958637
1026872
876792
1058029
1033150
1105518
1107516
1130353
1102551
Failed to fetch metadata for TMDb ID 28519: Status 404
Failed to fetch metadata for TMDb ID 16028: Status 404
Failed to fetch metadata for TMDb ID 37264: Status 404
Failed to fetch metadata for TMDb ID 2771: Status 404
Failed to fetch metadata for TMDb ID 14430: Status 404
Failed to fetch metadata for TMDb ID 24229: Status 404
Failed to fetch metadata for TMDb ID 26: Status 404
Failed to fetch metadata for TMDb ID 21666: Status 404
Failed to fetch metadata for TMDb ID 31713: Status 404
Failed to fetch metadata for TMDb ID 503: Status 404
Failed to fetch metadata for TMDb ID 1571: Status 404
Failed to fetch metadata for TMDb ID 58781: Status 404
Failed to fetch metadata for TMDb ID 46529: Status 404
Failed to fetch metadata for TMDb ID 104602: Status 404
Failed to fetch metadata for TMDb ID 71880: Status 404
Failed to fetch metadata for TMDb ID 48153: Status 404
Failed to fetch metadata for TMDb ID 77459: Status 404
Failed to fetch metadata for TMDb ID 106135: Status 404
Failed to fetch metadata for TMDb ID 63923: Status 404
Failed to fetch metadata for TMDb ID 159403: Status 404
Failed to fetch metadata for TMDb ID 146521: Status 404
Failed to fetch metadata for TMDb ID 188984: Status 404
Failed to fetch metadata for TMDb ID 257648: Status 404
Failed to fetch metadata for TMDb ID 117820: Status 404
Failed to fetch metadata for TMDb ID 42367: Status 404
Failed to fetch metadata for TMDb ID 309299: Status 404
Failed to fetch metadata for TMDb ID 305594: Status 404
Failed to fetch metadata for TMDb ID 20983: Status 404
Failed to fetch metadata for TMDb ID 73933: Status 404
Failed to fetch metadata for TMDb ID 347157: Status 404
Failed to fetch metadata for TMDb ID 116227: Status 404
Failed to fetch metadata for TMDb ID 65902: Status 404
Failed to fetch metadata for TMDb ID 367513: Status 404
Failed to fetch metadata for TMDb ID 238610: Status 404
Failed to fetch metadata for TMDb ID 125310: Status 404
Failed to fetch metadata for TMDb ID 77137: Status 404
Failed to fetch metadata for TMDb ID 77770: Status 404
